
Array
(
    [username] => testuser
    [email] => test@example.com
    [password] => 123456
)




Array
(
    [username] => gfggg
    [email] => fdfdfd@gmail.com
    [password] => fgfgfgfgfs
)

Array
(
    [username] => testuser
    [email] => test@example.com
    [password] => 123456
)

Array
(
    [username] => testuser
    [email] => tesggt@example.com
    [password] => 123456
)

Array
(
    [username] => testuser
    [email] => tesggthh@example.com
    [password] => 123456
)

Array
(
    [username] => hgghg
    [email] => ghhgh@gmail.com
    [password] => ghfgfgf
)

Array
(
    [username] => testuser
    [email] => tesggthjjjh@example.com
    [password] => 123456
)

Array
(
    [username] => testuser
    [email] => tesggtjhjjjh@example.com
    [password] => 123456
)


Array
(
    [username] => fdff
    [email] => ggd@gmail.com
    [password] => wedssssssssssssfd
)

Array
(
    [username] => testuser
    [email] => tesggtjhjjjh@example.com
    [password] => 123456
)


Array
(
    [username] => fgfgfg
    [email] => fgfgf@gmail.com
    [password] => 123rfgf
)


Array
(
    [username] => Gohar
    [email] => gohar@gmail.com
    [password] => 1234
)


Array
(
    [username] => gggg
    [email] => ffff@gmail.com
    [password] => fdddddd
)


Array
(
    [username] => cvccc
    [email] => dddd@gmail.com
    [password] => 111111
)


Array
(
    [username] => ffff
    [email] => ssss@gmail.com
    [password] => 1122222
)


Array
(
    [username] => eee
    [email] => ffff
    [password] => ffffffff
)


Array
(
    [username] => eee
    [email] => ffff@gmail.com
    [password] => ffffffff
)


Array
(
    [username] => eee
    [email] => ffff@gmail.com
    [password] => ffffffff
)


Array
(
    [username] => hhhhh
    [email] => fff@gmail.com
    [password] => ddfff
)


Array
(
    [username] => hhhhjjj
    [email] => kkkk@gmail.com
    [password] => fggghghg
)


Array
(
    [username] => aaaa
    [email] => ghdd@gmail.com
    [password] => 12233
)

Array
(
    [username] => aaaa
    [email] => ghdd@gmail.com
    [password] => 12233
)

Array
(
    [username] => aaaa
    [email] => ghdd@gmail.com
    [password] => 12233
)

Array
(
    [username] => aaaa
    [email] => ghdd@gmail.com
    [password] => 12233
)


Array
(
    [username] => fgf
    [email] => fgfgf@gmail.com
    [password] => dfdfdfdf
)


Array
(
    [username] => ddsss
    [email] => ddddd@gmail.com
    [password] => dfdfdf
)


Array
(
    [username] => fddfdf
    [email] => fdfd@gmail.com
    [password] => dsssss
)


Array
(
    [username] => dfdf
    [email] => dfdfd
    [password] => fdfffffff
)


Array
(
    [username] => Gohar
    [email] => gohar@gmail.com
    [password] => 12345
)


Array
(
    [username] => mery
    [email] => mery@gmail.com
    [password] => 12345
)

Array
(
    [username] => Gohar
    [email] => gohar@example.com
    [password] => password123
)


Array
(
    [username] => bbbb
    [email] => bbbb@gmail.com
    [password] => 12345
)


Array
(
    [username] => GOHARRR
    [email] => go@gmail.com
    [password] => 12345
)


Array
(
    [username] => GGGG
    [email] => g@gmail.com
    [password] => 12345
)


Array
(
    [username] => GG
    [email] => fg@gmail.com
    [password] => 12345
)


Array
(
    [username] => Gohar
    [email] => g@gmail.com
    [password] => 12345
)


Array
(
    [username] => hjjhjh
    [email] => ghghg@gmail.com
    [password] => 12345
)

Array
(
    [username] => Aaaa
    [email] => ghg@gmail.com
    [password] => 12345
)

